Using pre-set license
Built from '2020.3/staging' branch; Version is '2020.3.17f1 (a4537701e4ab) revision 10769271'; Using compiler version '192528614'; Build Type 'Release'
OS: 'Windows 10 Pro; OS build 19042.1237; Version 2009; 64bit' Language: 'es' Physical Memory: 16343 MB
BatchMode: 1, IsHumanControllingUs: 0, StartBugReporterOnCrash: 0, Is64bit: 1, IsPro: 0

COMMAND LINE ARGUMENTS:
C:\Program Files\Unity\Hub\Editor\2020.3.17f1\Editor\Unity.exe
-adb2
-batchMode
-noUpm
-name
AssetImportWorker0
-projectPath
C:/Users/TokyoPlay 3/Documents/Zenva/ShaderGraphProject
-logFile
Logs/AssetImportWorker0.log
-srvPort
60440
Successfully changed project path to: C:/Users/TokyoPlay 3/Documents/Zenva/ShaderGraphProject
C:/Users/TokyoPlay 3/Documents/Zenva/ShaderGraphProject
Using Asset Import Pipeline V2.
Refreshing native plugins compatible for Editor in 48.76 ms, found 2 plugins.
Preloading 0 native plugins for Editor in 0.00 ms.
Initialize engine version: 2020.3.17f1 (a4537701e4ab)
[Subsystems] Discovering subsystems at path C:/Program Files/Unity/Hub/Editor/2020.3.17f1/Editor/Data/Resources/UnitySubsystems
[Subsystems] Discovering subsystems at path C:/Users/TokyoPlay 3/Documents/Zenva/ShaderGraphProject/Assets
GfxDevice: creating device client; threaded=0
Direct3D:
    Version:  Direct3D 11.0 [level 11.1]
    Renderer: NVIDIA GeForce GTX 1060 6GB (ID=0x1c03)
    Vendor:   
    VRAM:     6052 MB
    Driver:   27.21.14.5671
Initialize mono
Mono path[0] = 'C:/Program Files/Unity/Hub/Editor/2020.3.17f1/Editor/Data/Managed'
Mono path[1] = 'C:/Program Files/Unity/Hub/Editor/2020.3.17f1/Editor/Data/MonoBleedingEdge/lib/mono/unityjit'
Mono config path = 'C:/Program Files/Unity/Hub/Editor/2020.3.17f1/Editor/Data/MonoBleedingEdge/etc'
Using monoOptions --debugger-agent=transport=dt_socket,embedding=1,server=y,suspend=n,address=127.0.0.1:56880
Begin MonoManager ReloadAssembly
Registering precompiled unity dll's ...
Register platform support module: C:/Program Files/Unity/Hub/Editor/2020.3.17f1/Editor/Data/PlaybackEngines/WindowsStandaloneSupport/UnityEditor.WindowsStandalone.Extensions.dll
Registered in 0.001911 seconds.
Native extension for WindowsStandalone target not found
Refreshing native plugins compatible for Editor in 46.00 ms, found 2 plugins.
Preloading 0 native plugins for Editor in 0.00 ms.
Mono: successfully reloaded assembly
- Completed reload, in  1.892 seconds
Domain Reload Profiling:
	ReloadAssembly (1893ms)
		BeginReloadAssembly (52ms)
			ExecutionOrderSort (0ms)
			DisableScriptedObjects (0ms)
			BackupInstance (0ms)
			ReleaseScriptingObjects (0ms)
			CreateAndSetChildDomain (1ms)
		EndReloadAssembly (425ms)
			LoadAssemblies (49ms)
			RebuildTransferFunctionScriptingTraits (0ms)
			SetupTypeCache (161ms)
			ReleaseScriptCaches (0ms)
			RebuildScriptCaches (30ms)
			SetupLoadedEditorAssemblies (166ms)
				LogAssemblyErrors (0ms)
				InitializePlatformSupportModulesInManaged (3ms)
				SetLoadedEditorAssemblies (0ms)
				RefreshPlugins (46ms)
				BeforeProcessingInitializeOnLoad (15ms)
				ProcessInitializeOnLoadAttributes (76ms)
				ProcessInitializeOnLoadMethodAttributes (25ms)
				AfterProcessingInitializeOnLoad (0ms)
				EditorAssembliesLoaded (0ms)
			ExecutionOrderSort2 (0ms)
			AwakeInstancesAfterBackupRestoration (0ms)
Platform modules already initialized, skipping
Registering precompiled user dll's ...
Registered in 0.005233 seconds.
Begin MonoManager ReloadAssembly
Native extension for WindowsStandalone target not found
Refreshing native plugins compatible for Editor in 48.31 ms, found 2 plugins.
Preloading 0 native plugins for Editor in 0.00 ms.
Mono: successfully reloaded assembly
- Completed reload, in  1.320 seconds
Domain Reload Profiling:
	ReloadAssembly (1321ms)
		BeginReloadAssembly (161ms)
			ExecutionOrderSort (0ms)
			DisableScriptedObjects (4ms)
			BackupInstance (0ms)
			ReleaseScriptingObjects (0ms)
			CreateAndSetChildDomain (19ms)
		EndReloadAssembly (1101ms)
			LoadAssemblies (94ms)
			RebuildTransferFunctionScriptingTraits (0ms)
			SetupTypeCache (420ms)
			ReleaseScriptCaches (0ms)
			RebuildScriptCaches (44ms)
			SetupLoadedEditorAssemblies (428ms)
				LogAssemblyErrors (0ms)
				InitializePlatformSupportModulesInManaged (3ms)
				SetLoadedEditorAssemblies (0ms)
				RefreshPlugins (48ms)
				BeforeProcessingInitializeOnLoad (83ms)
				ProcessInitializeOnLoadAttributes (281ms)
				ProcessInitializeOnLoadMethodAttributes (4ms)
				AfterProcessingInitializeOnLoad (7ms)
				EditorAssembliesLoaded (0ms)
			ExecutionOrderSort2 (0ms)
			AwakeInstancesAfterBackupRestoration (6ms)
Platform modules already initialized, skipping
========================================================================
Worker process is ready to serve import requests
Launched and connected shader compiler UnityShaderCompiler.exe after 0.06 seconds
Refreshing native plugins compatible for Editor in 0.50 ms, found 2 plugins.
Preloading 0 native plugins for Editor in 0.00 ms.
Unloading 2703 Unused Serialized files (Serialized files now loaded: 0)
System memory in use before: 125.2 MB.
System memory in use after: 125.4 MB.

Unloading 19 unused Assets to reduce memory usage. Loaded Objects now: 3141.
Total: 3.183700 ms (FindLiveObjects: 0.256800 ms CreateObjectMapping: 0.104900 ms MarkObjects: 2.718200 ms  DeleteObjects: 0.102900 ms)

AssetImportParameters requested are different than current active one (requested -> active):
  custom:framework-win-MediaFoundation: 216162199b28c13a410421893ffa2e32 -> 
  custom:video-decoder-ogg-theora: a1e56fd34408186e4bbccfd4996cb3dc -> 
  custom:container-muxer-webm: aa71ff27fc2769a1b78a27578f13a17b -> 
  custom:container-demuxer-webm: 4f35f7cbe854078d1ac9338744f61a02 -> 
  custom:container-demuxer-ogg: 62fdf1f143b41e24485cea50d1cbac27 -> 
  custom:video-encoder-webm-vp8: eb34c28f22e8b96e1ab97ce403110664 -> 
  custom:video-decoder-webm-vp8: 9c59270c3fd7afecdb556c50c9e8de78 -> 
  custom:audio-decoder-ogg-vorbis: bf7c407c2cedff20999df2af8eb42d56 -> 
  custom:audio-encoder-webm-vorbis: bf7c407c2cedff20999df2af8eb42d56 -> 
========================================================================
Received Import Request.
  path: Assets/Shaders
  artifactKey: Guid(6b4e2bfa4a1330b47ab34eee19831666) Importer(815301076,1909f56bfc062723c751e8b465ee728b)
Start importing Assets/Shaders using Guid(6b4e2bfa4a1330b47ab34eee19831666) Importer(815301076,1909f56bfc062723c751e8b465ee728b)  -> (artifact id: '110644a7495cc6e5439bfa66d400c61a') in 0.004835 seconds 
  Import took 0.008780 seconds .

========================================================================
Received Import Request.
  Time since last request: 5.089526 seconds.
  path: Assets/Shaders/Glow.shadergraph
  artifactKey: Guid(fe8e92ad59c0ba2418a253cbe39eac2e) Importer(815301076,1909f56bfc062723c751e8b465ee728b)
Start importing Assets/Shaders/Glow.shadergraph using Guid(fe8e92ad59c0ba2418a253cbe39eac2e) Importer(815301076,1909f56bfc062723c751e8b465ee728b)  -> (artifact id: '5245ad3f25d8e911e3bb3a00df5f7ba7') in 0.035570 seconds 
  Import took 0.040736 seconds .

========================================================================
Received Import Request.
  Time since last request: 0.035913 seconds.
  path: Assets/Shaders/Glow.shadergraph
  artifactKey: Guid(fe8e92ad59c0ba2418a253cbe39eac2e) Importer(815301076,1909f56bfc062723c751e8b465ee728b)
Start importing Assets/Shaders/Glow.shadergraph using Guid(fe8e92ad59c0ba2418a253cbe39eac2e) Importer(815301076,1909f56bfc062723c751e8b465ee728b)  -> (artifact id: '5245ad3f25d8e911e3bb3a00df5f7ba7') in 0.004170 seconds 
  Import took 0.008695 seconds .

========================================================================
Received Import Request.
  Time since last request: 1167.226345 seconds.
  path: Assets/Shaders/Glow.shadergraph
  artifactKey: Guid(fe8e92ad59c0ba2418a253cbe39eac2e) Importer(815301076,1909f56bfc062723c751e8b465ee728b)
Start importing Assets/Shaders/Glow.shadergraph using Guid(fe8e92ad59c0ba2418a253cbe39eac2e) Importer(815301076,1909f56bfc062723c751e8b465ee728b)  -> (artifact id: 'a8e6e813642ae00463c97738250415eb') in 0.003816 seconds 
  Import took 0.008910 seconds .

========================================================================
Received Import Request.
  Time since last request: 1.715213 seconds.
  path: Assets/Shaders/Glow.shadergraph
  artifactKey: Guid(fe8e92ad59c0ba2418a253cbe39eac2e) Importer(815301076,1909f56bfc062723c751e8b465ee728b)
Start importing Assets/Shaders/Glow.shadergraph using Guid(fe8e92ad59c0ba2418a253cbe39eac2e) Importer(815301076,1909f56bfc062723c751e8b465ee728b)  -> (artifact id: '937e2ae109038b8e9c8e711e77e27132') in 0.003425 seconds 
  Import took 0.007387 seconds .

========================================================================
Received Import Request.
  Time since last request: 6386.175468 seconds.
  path: Assets/Shaders/Glow.shadergraph
  artifactKey: Guid(fe8e92ad59c0ba2418a253cbe39eac2e) Importer(815301076,1909f56bfc062723c751e8b465ee728b)
Start importing Assets/Shaders/Glow.shadergraph using Guid(fe8e92ad59c0ba2418a253cbe39eac2e) Importer(815301076,1909f56bfc062723c751e8b465ee728b)  -> (artifact id: 'e781b4de22dc83dfbebfd743c1c77f45') in 0.006846 seconds 
  Import took 0.017838 seconds .

========================================================================
Received Import Request.
  Time since last request: 21.696067 seconds.
  path: Assets/Materials/Glow.mat
  artifactKey: Guid(80fa0476ec8a66244a91b6a3efcf24d3) Importer(815301076,1909f56bfc062723c751e8b465ee728b)
Start importing Assets/Materials/Glow.mat using Guid(80fa0476ec8a66244a91b6a3efcf24d3) Importer(815301076,1909f56bfc062723c751e8b465ee728b)  -> (artifact id: '95ec81f716cafa842ec55c2ef4d655f5') in 0.355967 seconds 
  Import took 0.360713 seconds .

========================================================================
Received Import Request.
  Time since last request: 433.848230 seconds.
  path: Assets/Materials/Glow.mat
  artifactKey: Guid(80fa0476ec8a66244a91b6a3efcf24d3) Importer(815301076,1909f56bfc062723c751e8b465ee728b)
Start importing Assets/Materials/Glow.mat using Guid(80fa0476ec8a66244a91b6a3efcf24d3) Importer(815301076,1909f56bfc062723c751e8b465ee728b)  -> (artifact id: '25247f09612b8897d3c493bd31dceb18') in 0.893131 seconds 
  Import took 0.899689 seconds .

AssetImportWorkerClient::OnTransportError - code=2 error=End of file
